Already in database: mmu-miR-126a-5p_SETD5
Already in database: mmu-miR-126a-5p_SETD5
Already in database: hsa-miR-124-3p_LAMC1
Already in database: hsa-miR-124-3p_ITGB1
Already in database: hsa-miR-374a-5p_CEBPB
Already in database: hsa-miR-20a-5p_PRKG1
Already in database: hsa-miR-125a-5p_LFNG
Already in database: hsa-miR-324-3p_WNT2B
Already in database: mmu-miR-126a-5p_SETD5
Already in database: mmu-miR-126a-5p_Alcam
Already in database: hsa-miR-140-5p_bmp2b
Already in database: mmu-miR-155-5p_Pmaip1
Already in database: mmu-miR-126a-5p_Alcam
Already in database: hsa-miR-9-5p_PRTG   
Already in database: hsa-miR-29a-3p_AKT3
Already in database: hsa-miR-503-5p_TNFRSF11A
Already in database: hsa-miR-1-3p_TH
Already in database: hsa-miR-125a-5p_Lfng
Already in database: hsa-miR-558_PTGS2
Already in database: hsa-miR-205-5p_ESRRG
Already in database: mmu-miR-126a-5p_SETD5
Already in database: hsa-miR-200b-3p_SUZ12
Already in database: hsa-miR-664b-5p_CCNE2
Already in database: hsa-miR-205-5p_ESRRG
Already in database: mmu-miR-126a-5p_SETD5
Already in database: hsa-miR-20a-5p_PRKG1
Already in database: hsa-miR-324-3p_WNT2B
Already in database: hsa-miR-190b_MTMR6
Already in database: hsa-miR-558_PTGS2
Already in database: hsa-miR-205-5p_ESRRG
Already in database: rno-miR-26a-5p_Map2
Already in database: rno-miR-128-3p_Snap25
Already in database: mmu-miR-134-5p_Limk1
Already in database: hsa-miR-200c-3p_Zeb2
Already in database: hsa-miR-21-5p_Pten
Already in database: mmu-miR-429-3p_Zeb2
Already in database: mmu-miR-429-3p_Zeb1
Already in database: mmu-miR-494-3p_Pten
Already in database: mmu-miR-494-3p_Rock1
Already in database: mmu-miR-494-3p_Fgfr2
Already in database: mmu-miR-21a-5p_Pdcd4
Already in database: mmu-miR-26a-5p_Ctgf
Already in database: hsa-miR-20a-5p_Prkg1
Already in database: hsa-miR-558_PTGS2
Already in database: hsa-miR-374a-5p_Cebpb
Already in database: hsa-miR-205-5p_ESRRG
Already in database: mmu-miR-126a-5p_Alcam
Already in database: mmu-miR-155-5p_Pmaip1
Already in database: hsa-miR-92a-3p_SMAD7
Already in database: hsa-miR-374a-5p_CEBPB
Already in database: mmu-miR-24-3p_VSIVgp5
Already in database: mmu-miR-93-5p_VSIVgp2
Already in database: mmu-miR-378a-5p_VSIVgp2
Already in database: mmu-miR-146a-5p_VSIVgp2
